<?xml version="1.0" encoding="UTF-8"?>
<!-- Generated by org.testng.reporters.JUnitXMLReporter -->
<testsuite ignored="0" hostname="DESKTOP-MAG1I7D" failures="0" tests="7" name="Default test" time="7.811" errors="0" timestamp="2024-10-27T23:20:40 PDT">
  <testcase classname="com.test.Apitesting" name="authenticateAndUseToken" time="4.759"/>
  <testcase classname="com.test.Apitesting" name="test_01" time="0.28"/>
  <testcase classname="com.test.Apitesting" name="test_02" time="0.482"/>
  <testcase classname="com.test.Apitesting" name="test_1_post" time="0.584"/>
  <testcase classname="com.test.Apitesting" name="test_2_put" time="0.543"/>
  <testcase classname="com.test.Apitesting" name="test_3_patch" time="0.559"/>
  <testcase classname="com.test.Apitesting" name="test_4_delete" time="0.513"/>
</testsuite> <!-- Default test -->
