<?xml version="1.0" encoding="UTF-8"?>
<testng-results ignored="0" total="2" passed="2" failed="0" skipped="0">
  <reporter-output>
  </reporter-output>
  <suite started-at="2024-10-27T23:29:41 PDT" name="Cross Browser Suite" finished-at="2024-10-27T23:30:05 PDT" duration-ms="23402">
    <groups>
    </groups>
    <test started-at="2024-10-27T23:29:41 PDT" name="Firefox Test" finished-at="2024-10-27T23:29:59 PDT" duration-ms="17375">
      <class name="com.test.ECommercesite">
        <test-method is-config="true" signature="setup(java.lang.String)[pri:0, instance:com.test.ECommercesite@6913c1fb]" started-at="2024-10-27T23:29:41 PDT" name="setup" finished-at="2024-10-27T23:29:56 PDT" duration-ms="14718" status="PASS">
          <params>
            <param index="0">
              <value>
                <![CDATA[firefox]]>
              </value>
            </param>
          </params>
          <reporter-output>
          </reporter-output>
        </test-method> <!-- setup -->
        <test-method signature="checkoutFlowTest()[pri:0, instance:com.test.ECommercesite@6913c1fb]" started-at="2024-10-27T23:29:56 PDT" name="checkoutFlowTest" finished-at="2024-10-27T23:29:57 PDT" duration-ms="921" status="PASS">
          <reporter-output>
          </reporter-output>
        </test-method> <!-- checkoutFlowTest -->
        <test-method is-config="true" signature="tearDown()[pri:0, instance:com.test.ECommercesite@6913c1fb]" started-at="2024-10-27T23:29:57 PDT" name="tearDown" finished-at="2024-10-27T23:29:59 PDT" duration-ms="1664" status="PASS">
          <reporter-output>
          </reporter-output>
        </test-method> <!-- tearDown -->
      </class> <!-- com.test.ECommercesite -->
    </test> <!-- Firefox Test -->
    <test started-at="2024-10-27T23:29:59 PDT" name="Chrome Test" finished-at="2024-10-27T23:30:05 PDT" duration-ms="5992">
      <class name="com.test.ECommercesite">
        <test-method is-config="true" signature="setup(java.lang.String)[pri:0, instance:com.test.ECommercesite@343570b7]" started-at="2024-10-27T23:29:59 PDT" name="setup" finished-at="2024-10-27T23:30:03 PDT" duration-ms="4488" status="PASS">
          <params>
            <param index="0">
              <value>
                <![CDATA[chrome]]>
              </value>
            </param>
          </params>
          <reporter-output>
          </reporter-output>
        </test-method> <!-- setup -->
        <test-method signature="checkoutFlowTest()[pri:0, instance:com.test.ECommercesite@343570b7]" started-at="2024-10-27T23:30:03 PDT" name="checkoutFlowTest" finished-at="2024-10-27T23:30:04 PDT" duration-ms="1182" status="PASS">
          <reporter-output>
          </reporter-output>
        </test-method> <!-- checkoutFlowTest -->
        <test-method is-config="true" signature="tearDown()[pri:0, instance:com.test.ECommercesite@343570b7]" started-at="2024-10-27T23:30:04 PDT" name="tearDown" finished-at="2024-10-27T23:30:05 PDT" duration-ms="315" status="PASS">
          <reporter-output>
          </reporter-output>
        </test-method> <!-- tearDown -->
      </class> <!-- com.test.ECommercesite -->
    </test> <!-- Chrome Test -->
  </suite> <!-- Cross Browser Suite -->
</testng-results>
